07-12 09:42:19 com_github_MitjaNemec_Archive3DModels.action_archive_3d_models 220:Plugin executed on: 'win32'
07-12 09:42:19 com_github_MitjaNemec_Archive3DModels.action_archive_3d_models 221:Plugin executed with python version: '3.9.16 (main, Oct 13 2023, 05:50:11) [MSC v.1936 64 bit (AMD64)]'
07-12 09:42:19 com_github_MitjaNemec_Archive3DModels.action_archive_3d_models 222:KiCad build version: 7.0.10
07-12 09:42:19 com_github_MitjaNemec_Archive3DModels.action_archive_3d_models 223:Plugin version: 1.0.10

07-12 09:42:19 com_github_MitjaNemec_Archive3DModels.action_archive_3d_models 228:Screen sizes: [wx.Size(1920, 1080)]
07-12 09:42:19 com_github_MitjaNemec_Archive3DModels.action_archive_3d_models 235:Dialog size: wx.Size(213, 81)
07-12 09:42:19 com_github_MitjaNemec_Archive3DModels.action_archive_3d_models 237:Char size: 20
07-12 09:42:19 com_github_MitjaNemec_Archive3DModels.archive_3d_models 24:Starting to archive 3D models
07-12 09:42:19 com_github_MitjaNemec_Archive3DModels.archive_3d_models 45:Getting 3D models for footprint of: R14
07-12 09:42:19 com_github_MitjaNemec_Archive3DModels.archive_3d_models 56:Trying to copy: ${KIPRJMOD}/packages3D/R_0603_1608Metric.wrl
07-12 09:42:19 com_github_MitjaNemec_Archive3DModels.archive_3d_models 136:Remapping: ${KIPRJMOD}/packages3D/R_0603_1608Metric.wrl
07-12 09:42:19 com_github_MitjaNemec_Archive3DModels.archive_3d_models 45:Getting 3D models for footprint of: R8
07-12 09:42:19 com_github_MitjaNemec_Archive3DModels.archive_3d_models 56:Trying to copy: ${KIPRJMOD}/packages3D/R_0603_1608Metric.wrl
07-12 09:42:19 com_github_MitjaNemec_Archive3DModels.archive_3d_models 136:Remapping: ${KIPRJMOD}/packages3D/R_0603_1608Metric.wrl
07-12 09:42:19 com_github_MitjaNemec_Archive3DModels.archive_3d_models 45:Getting 3D models for footprint of: Y1
07-12 09:42:19 com_github_MitjaNemec_Archive3DModels.archive_3d_models 56:Trying to copy: ${KIPRJMOD}/packages3D/Crystal_SMD_3215-2Pin_3.2x1.5mm.wrl
07-12 09:42:19 com_github_MitjaNemec_Archive3DModels.archive_3d_models 132:Did not copy: ${KIPRJMOD}/packages3D/Crystal_SMD_3215-2Pin_3.2x1.5mm.wrl
07-12 09:42:19 com_github_MitjaNemec_Archive3DModels.archive_3d_models 136:Remapping: ${KIPRJMOD}/packages3D/Crystal_SMD_3215-2Pin_3.2x1.5mm.wrl
07-12 09:42:19 com_github_MitjaNemec_Archive3DModels.archive_3d_models 45:Getting 3D models for footprint of: C5
07-12 09:42:19 com_github_MitjaNemec_Archive3DModels.archive_3d_models 56:Trying to copy: ${KIPRJMOD}/packages3D/C_0603_1608Metric.wrl
07-12 09:42:19 com_github_MitjaNemec_Archive3DModels.archive_3d_models 136:Remapping: ${KIPRJMOD}/packages3D/C_0603_1608Metric.wrl
07-12 09:42:19 com_github_MitjaNemec_Archive3DModels.archive_3d_models 45:Getting 3D models for footprint of: D5
07-12 09:42:19 com_github_MitjaNemec_Archive3DModels.archive_3d_models 56:Trying to copy: ${KIPRJMOD}/packages3D/D_SOD-323.wrl
07-12 09:42:19 com_github_MitjaNemec_Archive3DModels.archive_3d_models 136:Remapping: ${KIPRJMOD}/packages3D/D_SOD-323.wrl
07-12 09:42:19 com_github_MitjaNemec_Archive3DModels.archive_3d_models 45:Getting 3D models for footprint of: R37
07-12 09:42:19 com_github_MitjaNemec_Archive3DModels.archive_3d_models 56:Trying to copy: ${KIPRJMOD}/packages3D/R_0603_1608Metric.wrl
07-12 09:42:19 com_github_MitjaNemec_Archive3DModels.archive_3d_models 136:Remapping: ${KIPRJMOD}/packages3D/R_0603_1608Metric.wrl
07-12 09:42:19 com_github_MitjaNemec_Archive3DModels.archive_3d_models 45:Getting 3D models for footprint of: D10
07-12 09:42:19 com_github_MitjaNemec_Archive3DModels.archive_3d_models 56:Trying to copy: ${KIPRJMOD}/packages3D/WS2812-2020.STEP
07-12 09:42:19 com_github_MitjaNemec_Archive3DModels.archive_3d_models 136:Remapping: ${KIPRJMOD}/packages3D/WS2812-2020.STEP
07-12 09:42:19 com_github_MitjaNemec_Archive3DModels.archive_3d_models 45:Getting 3D models for footprint of: C12
07-12 09:42:19 com_github_MitjaNemec_Archive3DModels.archive_3d_models 56:Trying to copy: ${KIPRJMOD}/packages3D/C_0603_1608Metric.wrl
07-12 09:42:20 com_github_MitjaNemec_Archive3DModels.archive_3d_models 136:Remapping: ${KIPRJMOD}/packages3D/C_0603_1608Metric.wrl
07-12 09:42:20 com_github_MitjaNemec_Archive3DModels.archive_3d_models 45:Getting 3D models for footprint of: R36
07-12 09:42:20 com_github_MitjaNemec_Archive3DModels.archive_3d_models 56:Trying to copy: ${KIPRJMOD}/packages3D/R_0603_1608Metric.wrl
07-12 09:42:20 com_github_MitjaNemec_Archive3DModels.archive_3d_models 136:Remapping: ${KIPRJMOD}/packages3D/R_0603_1608Metric.wrl
07-12 09:42:20 com_github_MitjaNemec_Archive3DModels.archive_3d_models 45:Getting 3D models for footprint of: SW6
07-12 09:42:20 com_github_MitjaNemec_Archive3DModels.archive_3d_models 56:Trying to copy: ${KIPRJMOD}/packages3D/SW_DIP_SPSTx02_Slide_6.7x6.64mm_W8.61mm_P2.54mm_LowProfile.wrl
07-12 09:42:20 com_github_MitjaNemec_Archive3DModels.archive_3d_models 136:Remapping: ${KIPRJMOD}/packages3D/SW_DIP_SPSTx02_Slide_6.7x6.64mm_W8.61mm_P2.54mm_LowProfile.wrl
07-12 09:42:20 com_github_MitjaNemec_Archive3DModels.archive_3d_models 45:Getting 3D models for footprint of: R4
07-12 09:42:20 com_github_MitjaNemec_Archive3DModels.archive_3d_models 56:Trying to copy: ${KIPRJMOD}/packages3D/R_0603_1608Metric.wrl
07-12 09:42:20 com_github_MitjaNemec_Archive3DModels.archive_3d_models 136:Remapping: ${KIPRJMOD}/packages3D/R_0603_1608Metric.wrl
07-12 09:42:20 com_github_MitjaNemec_Archive3DModels.archive_3d_models 45:Getting 3D models for footprint of: C24
07-12 09:42:20 com_github_MitjaNemec_Archive3DModels.archive_3d_models 56:Trying to copy: ${KIPRJMOD}/packages3D/C_0603_1608Metric.wrl
07-12 09:42:20 com_github_MitjaNemec_Archive3DModels.archive_3d_models 136:Remapping: ${KIPRJMOD}/packages3D/C_0603_1608Metric.wrl
07-12 09:42:20 com_github_MitjaNemec_Archive3DModels.archive_3d_models 45:Getting 3D models for footprint of: D7
07-12 09:42:20 com_github_MitjaNemec_Archive3DModels.archive_3d_models 56:Trying to copy: ${KIPRJMOD}/packages3D/LED_0603_1608Metric.wrl
07-12 09:42:20 com_github_MitjaNemec_Archive3DModels.archive_3d_models 136:Remapping: ${KIPRJMOD}/packages3D/LED_0603_1608Metric.wrl
07-12 09:42:20 com_github_MitjaNemec_Archive3DModels.archive_3d_models 45:Getting 3D models for footprint of: C9
07-12 09:42:20 com_github_MitjaNemec_Archive3DModels.archive_3d_models 56:Trying to copy: ${KIPRJMOD}/packages3D/C_0603_1608Metric.wrl
07-12 09:42:20 com_github_MitjaNemec_Archive3DModels.archive_3d_models 136:Remapping: ${KIPRJMOD}/packages3D/C_0603_1608Metric.wrl
07-12 09:42:20 com_github_MitjaNemec_Archive3DModels.archive_3d_models 45:Getting 3D models for footprint of: C32
07-12 09:42:20 com_github_MitjaNemec_Archive3DModels.archive_3d_models 56:Trying to copy: ${KIPRJMOD}/packages3D/C_0603_1608Metric.wrl
07-12 09:42:20 com_github_MitjaNemec_Archive3DModels.archive_3d_models 136:Remapping: ${KIPRJMOD}/packages3D/C_0603_1608Metric.wrl
07-12 09:42:20 com_github_MitjaNemec_Archive3DModels.archive_3d_models 45:Getting 3D models for footprint of: D3
07-12 09:42:20 com_github_MitjaNemec_Archive3DModels.archive_3d_models 56:Trying to copy: ${KIPRJMOD}/packages3D/LED_0603_1608Metric.wrl
07-12 09:42:20 com_github_MitjaNemec_Archive3DModels.archive_3d_models 136:Remapping: ${KIPRJMOD}/packages3D/LED_0603_1608Metric.wrl
07-12 09:42:20 com_github_MitjaNemec_Archive3DModels.archive_3d_models 45:Getting 3D models for footprint of: TP2
07-12 09:42:20 com_github_MitjaNemec_Archive3DModels.archive_3d_models 45:Getting 3D models for footprint of: C6
07-12 09:42:20 com_github_MitjaNemec_Archive3DModels.archive_3d_models 56:Trying to copy: ${KIPRJMOD}/packages3D/C_0603_1608Metric.wrl
07-12 09:42:20 com_github_MitjaNemec_Archive3DModels.archive_3d_models 136:Remapping: ${KIPRJMOD}/packages3D/C_0603_1608Metric.wrl
07-12 09:42:20 com_github_MitjaNemec_Archive3DModels.archive_3d_models 45:Getting 3D models for footprint of: C21
07-12 09:42:20 com_github_MitjaNemec_Archive3DModels.archive_3d_models 56:Trying to copy: ${KIPRJMOD}/packages3D/C_0603_1608Metric.wrl
07-12 09:42:20 com_github_MitjaNemec_Archive3DModels.archive_3d_models 136:Remapping: ${KIPRJMOD}/packages3D/C_0603_1608Metric.wrl
07-12 09:42:20 com_github_MitjaNemec_Archive3DModels.archive_3d_models 45:Getting 3D models for footprint of: Q1
07-12 09:42:20 com_github_MitjaNemec_Archive3DModels.archive_3d_models 56:Trying to copy: ${KIPRJMOD}/packages3D/TSOT-23.wrl
07-12 09:42:20 com_github_MitjaNemec_Archive3DModels.archive_3d_models 136:Remapping: ${KIPRJMOD}/packages3D/TSOT-23.wrl
07-12 09:42:20 com_github_MitjaNemec_Archive3DModels.archive_3d_models 45:Getting 3D models for footprint of: C33
07-12 09:42:20 com_github_MitjaNemec_Archive3DModels.archive_3d_models 56:Trying to copy: ${KIPRJMOD}/packages3D/C_0603_1608Metric.wrl
07-12 09:42:20 com_github_MitjaNemec_Archive3DModels.archive_3d_models 136:Remapping: ${KIPRJMOD}/packages3D/C_0603_1608Metric.wrl
07-12 09:42:20 com_github_MitjaNemec_Archive3DModels.archive_3d_models 45:Getting 3D models for footprint of: U6
07-12 09:42:20 com_github_MitjaNemec_Archive3DModels.archive_3d_models 56:Trying to copy: ${KIPRJMOD}/packages3D/S08.stp
07-12 09:42:20 com_github_MitjaNemec_Archive3DModels.archive_3d_models 136:Remapping: ${KIPRJMOD}/packages3D/S08.stp
07-12 09:42:20 com_github_MitjaNemec_Archive3DModels.archive_3d_models 45:Getting 3D models for footprint of: R13
07-12 09:42:20 com_github_MitjaNemec_Archive3DModels.archive_3d_models 56:Trying to copy: ${KIPRJMOD}/packages3D/R_0603_1608Metric.wrl
07-12 09:42:20 com_github_MitjaNemec_Archive3DModels.archive_3d_models 136:Remapping: ${KIPRJMOD}/packages3D/R_0603_1608Metric.wrl
07-12 09:42:20 com_github_MitjaNemec_Archive3DModels.archive_3d_models 45:Getting 3D models for footprint of: R25
07-12 09:42:20 com_github_MitjaNemec_Archive3DModels.archive_3d_models 56:Trying to copy: ${KIPRJMOD}/packages3D/R_0603_1608Metric.wrl
07-12 09:42:20 com_github_MitjaNemec_Archive3DModels.archive_3d_models 136:Remapping: ${KIPRJMOD}/packages3D/R_0603_1608Metric.wrl
07-12 09:42:20 com_github_MitjaNemec_Archive3DModels.archive_3d_models 45:Getting 3D models for footprint of: C18
07-12 09:42:20 com_github_MitjaNemec_Archive3DModels.archive_3d_models 56:Trying to copy: ${KIPRJMOD}/packages3D/C_0603_1608Metric.wrl
07-12 09:42:20 com_github_MitjaNemec_Archive3DModels.archive_3d_models 136:Remapping: ${KIPRJMOD}/packages3D/C_0603_1608Metric.wrl
07-12 09:42:20 com_github_MitjaNemec_Archive3DModels.archive_3d_models 45:Getting 3D models for footprint of: D8
07-12 09:42:20 com_github_MitjaNemec_Archive3DModels.archive_3d_models 56:Trying to copy: ${KIPRJMOD}/packages3D/LED_0603_1608Metric.wrl
07-12 09:42:20 com_github_MitjaNemec_Archive3DModels.archive_3d_models 136:Remapping: ${KIPRJMOD}/packages3D/LED_0603_1608Metric.wrl
07-12 09:42:20 com_github_MitjaNemec_Archive3DModels.archive_3d_models 45:Getting 3D models for footprint of: D15
07-12 09:42:20 com_github_MitjaNemec_Archive3DModels.archive_3d_models 56:Trying to copy: ${KIPRJMOD}/packages3D/D_SOD-323.wrl
07-12 09:42:20 com_github_MitjaNemec_Archive3DModels.archive_3d_models 136:Remapping: ${KIPRJMOD}/packages3D/D_SOD-323.wrl
07-12 09:42:20 com_github_MitjaNemec_Archive3DModels.archive_3d_models 45:Getting 3D models for footprint of: C30
07-12 09:42:20 com_github_MitjaNemec_Archive3DModels.archive_3d_models 56:Trying to copy: ${KIPRJMOD}/packages3D/C_0603_1608Metric.wrl
07-12 09:42:20 com_github_MitjaNemec_Archive3DModels.archive_3d_models 136:Remapping: ${KIPRJMOD}/packages3D/C_0603_1608Metric.wrl
07-12 09:42:20 com_github_MitjaNemec_Archive3DModels.archive_3d_models 45:Getting 3D models for footprint of: C20
07-12 09:42:20 com_github_MitjaNemec_Archive3DModels.archive_3d_models 56:Trying to copy: ${KIPRJMOD}/packages3D/C_0603_1608Metric.wrl
07-12 09:42:20 com_github_MitjaNemec_Archive3DModels.archive_3d_models 136:Remapping: ${KIPRJMOD}/packages3D/C_0603_1608Metric.wrl
07-12 09:42:20 com_github_MitjaNemec_Archive3DModels.archive_3d_models 45:Getting 3D models for footprint of: R11
07-12 09:42:20 com_github_MitjaNemec_Archive3DModels.archive_3d_models 56:Trying to copy: ${KIPRJMOD}/packages3D/R_0603_1608Metric.wrl
07-12 09:42:20 com_github_MitjaNemec_Archive3DModels.archive_3d_models 136:Remapping: ${KIPRJMOD}/packages3D/R_0603_1608Metric.wrl
07-12 09:42:20 com_github_MitjaNemec_Archive3DModels.archive_3d_models 45:Getting 3D models for footprint of: R2
07-12 09:42:20 com_github_MitjaNemec_Archive3DModels.archive_3d_models 56:Trying to copy: ${KIPRJMOD}/packages3D/R_0603_1608Metric.wrl
07-12 09:42:20 com_github_MitjaNemec_Archive3DModels.archive_3d_models 136:Remapping: ${KIPRJMOD}/packages3D/R_0603_1608Metric.wrl
07-12 09:42:20 com_github_MitjaNemec_Archive3DModels.archive_3d_models 45:Getting 3D models for footprint of: D16
07-12 09:42:20 com_github_MitjaNemec_Archive3DModels.archive_3d_models 56:Trying to copy: ${KIPRJMOD}/packages3D/D_SOD-323.wrl
07-12 09:42:20 com_github_MitjaNemec_Archive3DModels.archive_3d_models 136:Remapping: ${KIPRJMOD}/packages3D/D_SOD-323.wrl
07-12 09:42:20 com_github_MitjaNemec_Archive3DModels.archive_3d_models 45:Getting 3D models for footprint of: C4
07-12 09:42:20 com_github_MitjaNemec_Archive3DModels.archive_3d_models 56:Trying to copy: ${KIPRJMOD}/packages3D/C_0603_1608Metric.wrl
07-12 09:42:20 com_github_MitjaNemec_Archive3DModels.archive_3d_models 136:Remapping: ${KIPRJMOD}/packages3D/C_0603_1608Metric.wrl
07-12 09:42:20 com_github_MitjaNemec_Archive3DModels.archive_3d_models 45:Getting 3D models for footprint of: TP7
07-12 09:42:20 com_github_MitjaNemec_Archive3DModels.archive_3d_models 45:Getting 3D models for footprint of: R26
07-12 09:42:20 com_github_MitjaNemec_Archive3DModels.archive_3d_models 56:Trying to copy: ${KIPRJMOD}/packages3D/R_0603_1608Metric.wrl
07-12 09:42:20 com_github_MitjaNemec_Archive3DModels.archive_3d_models 136:Remapping: ${KIPRJMOD}/packages3D/R_0603_1608Metric.wrl
07-12 09:42:20 com_github_MitjaNemec_Archive3DModels.archive_3d_models 45:Getting 3D models for footprint of: SW8
07-12 09:42:20 com_github_MitjaNemec_Archive3DModels.archive_3d_models 56:Trying to copy: ${KIPRJMOD}/packages3D/SW_SPST_TL3342.wrl
07-12 09:42:20 com_github_MitjaNemec_Archive3DModels.archive_3d_models 136:Remapping: ${KIPRJMOD}/packages3D/SW_SPST_TL3342.wrl
07-12 09:42:20 com_github_MitjaNemec_Archive3DModels.archive_3d_models 45:Getting 3D models for footprint of: R20
07-12 09:42:20 com_github_MitjaNemec_Archive3DModels.archive_3d_models 56:Trying to copy: ${KIPRJMOD}/packages3D/R_0603_1608Metric.wrl
07-12 09:42:20 com_github_MitjaNemec_Archive3DModels.archive_3d_models 136:Remapping: ${KIPRJMOD}/packages3D/R_0603_1608Metric.wrl
07-12 09:42:20 com_github_MitjaNemec_Archive3DModels.archive_3d_models 45:Getting 3D models for footprint of: H2
07-12 09:42:20 com_github_MitjaNemec_Archive3DModels.archive_3d_models 45:Getting 3D models for footprint of: J2
07-12 09:42:20 com_github_MitjaNemec_Archive3DModels.archive_3d_models 56:Trying to copy: ${KIPRJMOD}/packages3D/copper_rod.step
07-12 09:42:20 com_github_MitjaNemec_Archive3DModels.archive_3d_models 136:Remapping: ${KIPRJMOD}/packages3D/copper_rod.step
07-12 09:42:20 com_github_MitjaNemec_Archive3DModels.archive_3d_models 56:Trying to copy: ${KIPRJMOD}/packages3D/copper_rod.step
07-12 09:42:20 com_github_MitjaNemec_Archive3DModels.archive_3d_models 136:Remapping: ${KIPRJMOD}/packages3D/copper_rod.step
07-12 09:42:20 com_github_MitjaNemec_Archive3DModels.archive_3d_models 56:Trying to copy: ${KIPRJMOD}/packages3D/copper_rod.step
07-12 09:42:20 com_github_MitjaNemec_Archive3DModels.archive_3d_models 136:Remapping: ${KIPRJMOD}/packages3D/copper_rod.step
07-12 09:42:20 com_github_MitjaNemec_Archive3DModels.archive_3d_models 56:Trying to copy: ${KIPRJMOD}/packages3D/copper_rod.step
07-12 09:42:20 com_github_MitjaNemec_Archive3DModels.archive_3d_models 136:Remapping: ${KIPRJMOD}/packages3D/copper_rod.step
07-12 09:42:20 com_github_MitjaNemec_Archive3DModels.archive_3d_models 56:Trying to copy: ${KIPRJMOD}/packages3D/copper_rod.step
07-12 09:42:20 com_github_MitjaNemec_Archive3DModels.archive_3d_models 136:Remapping: ${KIPRJMOD}/packages3D/copper_rod.step
07-12 09:42:20 com_github_MitjaNemec_Archive3DModels.archive_3d_models 56:Trying to copy: ${KIPRJMOD}/packages3D/copper_rod.step
07-12 09:42:20 com_github_MitjaNemec_Archive3DModels.archive_3d_models 136:Remapping: ${KIPRJMOD}/packages3D/copper_rod.step
07-12 09:42:20 com_github_MitjaNemec_Archive3DModels.archive_3d_models 56:Trying to copy: ${KIPRJMOD}/packages3D/copper_rod.step
07-12 09:42:20 com_github_MitjaNemec_Archive3DModels.archive_3d_models 136:Remapping: ${KIPRJMOD}/packages3D/copper_rod.step
07-12 09:42:20 com_github_MitjaNemec_Archive3DModels.archive_3d_models 56:Trying to copy: ${KIPRJMOD}/packages3D/copper_rod.step
07-12 09:42:20 com_github_MitjaNemec_Archive3DModels.archive_3d_models 136:Remapping: ${KIPRJMOD}/packages3D/copper_rod.step
07-12 09:42:20 com_github_MitjaNemec_Archive3DModels.archive_3d_models 56:Trying to copy: ${KIPRJMOD}/packages3D/copper_rod.step
07-12 09:42:20 com_github_MitjaNemec_Archive3DModels.archive_3d_models 136:Remapping: ${KIPRJMOD}/packages3D/copper_rod.step
07-12 09:42:20 com_github_MitjaNemec_Archive3DModels.archive_3d_models 45:Getting 3D models for footprint of: R6
07-12 09:42:20 com_github_MitjaNemec_Archive3DModels.archive_3d_models 56:Trying to copy: ${KIPRJMOD}/packages3D/R_0603_1608Metric.wrl
07-12 09:42:20 com_github_MitjaNemec_Archive3DModels.archive_3d_models 136:Remapping: ${KIPRJMOD}/packages3D/R_0603_1608Metric.wrl
07-12 09:42:20 com_github_MitjaNemec_Archive3DModels.archive_3d_models 45:Getting 3D models for footprint of: C25
07-12 09:42:20 com_github_MitjaNemec_Archive3DModels.archive_3d_models 56:Trying to copy: ${KIPRJMOD}/packages3D/C_0603_1608Metric.wrl
07-12 09:42:20 com_github_MitjaNemec_Archive3DModels.archive_3d_models 136:Remapping: ${KIPRJMOD}/packages3D/C_0603_1608Metric.wrl
07-12 09:42:20 com_github_MitjaNemec_Archive3DModels.archive_3d_models 45:Getting 3D models for footprint of: TP6
07-12 09:42:20 com_github_MitjaNemec_Archive3DModels.archive_3d_models 45:Getting 3D models for footprint of: R3
07-12 09:42:20 com_github_MitjaNemec_Archive3DModels.archive_3d_models 56:Trying to copy: ${KIPRJMOD}/packages3D/R_0603_1608Metric.wrl
07-12 09:42:20 com_github_MitjaNemec_Archive3DModels.archive_3d_models 136:Remapping: ${KIPRJMOD}/packages3D/R_0603_1608Metric.wrl
07-12 09:42:20 com_github_MitjaNemec_Archive3DModels.archive_3d_models 45:Getting 3D models for footprint of: R10
07-12 09:42:20 com_github_MitjaNemec_Archive3DModels.archive_3d_models 56:Trying to copy: ${KIPRJMOD}/packages3D/R_0603_1608Metric.wrl
07-12 09:42:20 com_github_MitjaNemec_Archive3DModels.archive_3d_models 136:Remapping: ${KIPRJMOD}/packages3D/R_0603_1608Metric.wrl
07-12 09:42:20 com_github_MitjaNemec_Archive3DModels.archive_3d_models 45:Getting 3D models for footprint of: R24
07-12 09:42:20 com_github_MitjaNemec_Archive3DModels.archive_3d_models 56:Trying to copy: ${KIPRJMOD}/packages3D/R_0603_1608Metric.wrl
07-12 09:42:20 com_github_MitjaNemec_Archive3DModels.archive_3d_models 136:Remapping: ${KIPRJMOD}/packages3D/R_0603_1608Metric.wrl
07-12 09:42:20 com_github_MitjaNemec_Archive3DModels.archive_3d_models 45:Getting 3D models for footprint of: H4
07-12 09:42:20 com_github_MitjaNemec_Archive3DModels.archive_3d_models 45:Getting 3D models for footprint of: SW7
07-12 09:42:20 com_github_MitjaNemec_Archive3DModels.archive_3d_models 56:Trying to copy: ${KIPRJMOD}/packages3D/SW_SPST_TL3342.wrl
07-12 09:42:20 com_github_MitjaNemec_Archive3DModels.archive_3d_models 136:Remapping: ${KIPRJMOD}/packages3D/SW_SPST_TL3342.wrl
07-12 09:42:20 com_github_MitjaNemec_Archive3DModels.archive_3d_models 45:Getting 3D models for footprint of: R15
07-12 09:42:20 com_github_MitjaNemec_Archive3DModels.archive_3d_models 56:Trying to copy: ${KIPRJMOD}/packages3D/R_0603_1608Metric.wrl
07-12 09:42:20 com_github_MitjaNemec_Archive3DModels.archive_3d_models 136:Remapping: ${KIPRJMOD}/packages3D/R_0603_1608Metric.wrl
07-12 09:42:20 com_github_MitjaNemec_Archive3DModels.archive_3d_models 45:Getting 3D models for footprint of: C15
07-12 09:42:20 com_github_MitjaNemec_Archive3DModels.archive_3d_models 56:Trying to copy: ${KIPRJMOD}/packages3D/C_0603_1608Metric.wrl
07-12 09:42:20 com_github_MitjaNemec_Archive3DModels.archive_3d_models 136:Remapping: ${KIPRJMOD}/packages3D/C_0603_1608Metric.wrl
07-12 09:42:20 com_github_MitjaNemec_Archive3DModels.archive_3d_models 45:Getting 3D models for footprint of: TP1
07-12 09:42:20 com_github_MitjaNemec_Archive3DModels.archive_3d_models 45:Getting 3D models for footprint of: C10
07-12 09:42:20 com_github_MitjaNemec_Archive3DModels.archive_3d_models 56:Trying to copy: ${KIPRJMOD}/packages3D/C_0603_1608Metric.wrl
07-12 09:42:20 com_github_MitjaNemec_Archive3DModels.archive_3d_models 136:Remapping: ${KIPRJMOD}/packages3D/C_0603_1608Metric.wrl
07-12 09:42:20 com_github_MitjaNemec_Archive3DModels.archive_3d_models 45:Getting 3D models for footprint of: U1
07-12 09:42:20 com_github_MitjaNemec_Archive3DModels.archive_3d_models 56:Trying to copy: ${KIPRJMOD}/packages3D/SOT-363_SC-70-6.wrl
07-12 09:42:20 com_github_MitjaNemec_Archive3DModels.archive_3d_models 136:Remapping: ${KIPRJMOD}/packages3D/SOT-363_SC-70-6.wrl
07-12 09:42:20 com_github_MitjaNemec_Archive3DModels.archive_3d_models 45:Getting 3D models for footprint of: TP8
07-12 09:42:20 com_github_MitjaNemec_Archive3DModels.archive_3d_models 45:Getting 3D models for footprint of: C26
07-12 09:42:20 com_github_MitjaNemec_Archive3DModels.archive_3d_models 56:Trying to copy: ${KIPRJMOD}/packages3D/C_0603_1608Metric.wrl
07-12 09:42:20 com_github_MitjaNemec_Archive3DModels.archive_3d_models 136:Remapping: ${KIPRJMOD}/packages3D/C_0603_1608Metric.wrl
07-12 09:42:20 com_github_MitjaNemec_Archive3DModels.archive_3d_models 45:Getting 3D models for footprint of: D14
07-12 09:42:20 com_github_MitjaNemec_Archive3DModels.archive_3d_models 56:Trying to copy: ${KIPRJMOD}/packages3D/D_SOD-323.wrl
07-12 09:42:20 com_github_MitjaNemec_Archive3DModels.archive_3d_models 136:Remapping: ${KIPRJMOD}/packages3D/D_SOD-323.wrl
07-12 09:42:20 com_github_MitjaNemec_Archive3DModels.archive_3d_models 45:Getting 3D models for footprint of: U4
07-12 09:42:20 com_github_MitjaNemec_Archive3DModels.archive_3d_models 56:Trying to copy: ${KIPRJMOD}/packages3D/ESP32-WROOM-32.wrl
07-12 09:42:20 com_github_MitjaNemec_Archive3DModels.archive_3d_models 136:Remapping: ${KIPRJMOD}/packages3D/ESP32-WROOM-32.wrl
07-12 09:42:20 com_github_MitjaNemec_Archive3DModels.archive_3d_models 45:Getting 3D models for footprint of: SW5
07-12 09:42:20 com_github_MitjaNemec_Archive3DModels.archive_3d_models 56:Trying to copy: ${KIPRJMOD}/packages3D/SW_SPST_TL3342.wrl
07-12 09:42:20 com_github_MitjaNemec_Archive3DModels.archive_3d_models 136:Remapping: ${KIPRJMOD}/packages3D/SW_SPST_TL3342.wrl
07-12 09:42:20 com_github_MitjaNemec_Archive3DModels.archive_3d_models 45:Getting 3D models for footprint of: R21
07-12 09:42:20 com_github_MitjaNemec_Archive3DModels.archive_3d_models 56:Trying to copy: ${KIPRJMOD}/packages3D/R_0603_1608Metric.wrl
07-12 09:42:20 com_github_MitjaNemec_Archive3DModels.archive_3d_models 136:Remapping: ${KIPRJMOD}/packages3D/R_0603_1608Metric.wrl
07-12 09:42:20 com_github_MitjaNemec_Archive3DModels.archive_3d_models 45:Getting 3D models for footprint of: D4
07-12 09:42:20 com_github_MitjaNemec_Archive3DModels.archive_3d_models 56:Trying to copy: ${KIPRJMOD}/packages3D/LED_0603_1608Metric.wrl
07-12 09:42:20 com_github_MitjaNemec_Archive3DModels.archive_3d_models 136:Remapping: ${KIPRJMOD}/packages3D/LED_0603_1608Metric.wrl
07-12 09:42:20 com_github_MitjaNemec_Archive3DModels.archive_3d_models 45:Getting 3D models for footprint of: C7
07-12 09:42:20 com_github_MitjaNemec_Archive3DModels.archive_3d_models 56:Trying to copy: ${KIPRJMOD}/packages3D/C_0603_1608Metric.wrl
07-12 09:42:20 com_github_MitjaNemec_Archive3DModels.archive_3d_models 136:Remapping: ${KIPRJMOD}/packages3D/C_0603_1608Metric.wrl
07-12 09:42:20 com_github_MitjaNemec_Archive3DModels.archive_3d_models 45:Getting 3D models for footprint of: J1
07-12 09:42:20 com_github_MitjaNemec_Archive3DModels.archive_3d_models 56:Trying to copy: ${KIPRJMOD}/packages3D/USB Type C Port (SMD Type).STEP
07-12 09:42:20 com_github_MitjaNemec_Archive3DModels.archive_3d_models 136:Remapping: ${KIPRJMOD}/packages3D/USB Type C Port (SMD Type).STEP
07-12 09:42:20 com_github_MitjaNemec_Archive3DModels.archive_3d_models 45:Getting 3D models for footprint of: R1
07-12 09:42:20 com_github_MitjaNemec_Archive3DModels.archive_3d_models 56:Trying to copy: ${KIPRJMOD}/packages3D/R_0603_1608Metric.wrl
07-12 09:42:20 com_github_MitjaNemec_Archive3DModels.archive_3d_models 136:Remapping: ${KIPRJMOD}/packages3D/R_0603_1608Metric.wrl
07-12 09:42:20 com_github_MitjaNemec_Archive3DModels.archive_3d_models 45:Getting 3D models for footprint of: R17
07-12 09:42:20 com_github_MitjaNemec_Archive3DModels.archive_3d_models 56:Trying to copy: ${KIPRJMOD}/packages3D/R_0603_1608Metric.wrl
07-12 09:42:20 com_github_MitjaNemec_Archive3DModels.archive_3d_models 136:Remapping: ${KIPRJMOD}/packages3D/R_0603_1608Metric.wrl
07-12 09:42:20 com_github_MitjaNemec_Archive3DModels.archive_3d_models 45:Getting 3D models for footprint of: U2
07-12 09:42:20 com_github_MitjaNemec_Archive3DModels.archive_3d_models 56:Trying to copy: ${KIPRJMOD}/packages3D/SOIC-16_3.9x9.9mm_P1.27mm.wrl
07-12 09:42:20 com_github_MitjaNemec_Archive3DModels.archive_3d_models 136:Remapping: ${KIPRJMOD}/packages3D/SOIC-16_3.9x9.9mm_P1.27mm.wrl
07-12 09:42:20 com_github_MitjaNemec_Archive3DModels.archive_3d_models 45:Getting 3D models for footprint of: D2
07-12 09:42:20 com_github_MitjaNemec_Archive3DModels.archive_3d_models 56:Trying to copy: ${KIPRJMOD}/packages3D/D_SOD-923.wrl
07-12 09:42:20 com_github_MitjaNemec_Archive3DModels.archive_3d_models 136:Remapping: ${KIPRJMOD}/packages3D/D_SOD-923.wrl
07-12 09:42:20 com_github_MitjaNemec_Archive3DModels.archive_3d_models 45:Getting 3D models for footprint of: L1
07-12 09:42:20 com_github_MitjaNemec_Archive3DModels.archive_3d_models 56:Trying to copy: ${KIPRJMOD}/packages3D/L_1008_2520Metric.wrl
07-12 09:42:20 com_github_MitjaNemec_Archive3DModels.archive_3d_models 136:Remapping: ${KIPRJMOD}/packages3D/L_1008_2520Metric.wrl
07-12 09:42:20 com_github_MitjaNemec_Archive3DModels.archive_3d_models 45:Getting 3D models for footprint of: D6
07-12 09:42:20 com_github_MitjaNemec_Archive3DModels.archive_3d_models 56:Trying to copy: ${KIPRJMOD}/packages3D/LED_0603_1608Metric.wrl
07-12 09:42:20 com_github_MitjaNemec_Archive3DModels.archive_3d_models 136:Remapping: ${KIPRJMOD}/packages3D/LED_0603_1608Metric.wrl
07-12 09:42:20 com_github_MitjaNemec_Archive3DModels.archive_3d_models 45:Getting 3D models for footprint of: R31
07-12 09:42:20 com_github_MitjaNemec_Archive3DModels.archive_3d_models 56:Trying to copy: ${KIPRJMOD}/packages3D/R_0603_1608Metric.wrl
07-12 09:42:20 com_github_MitjaNemec_Archive3DModels.archive_3d_models 136:Remapping: ${KIPRJMOD}/packages3D/R_0603_1608Metric.wrl
07-12 09:42:20 com_github_MitjaNemec_Archive3DModels.archive_3d_models 45:Getting 3D models for footprint of: R41
07-12 09:42:20 com_github_MitjaNemec_Archive3DModels.archive_3d_models 56:Trying to copy: ${KIPRJMOD}/packages3D/R_0603_1608Metric.wrl
07-12 09:42:20 com_github_MitjaNemec_Archive3DModels.archive_3d_models 136:Remapping: ${KIPRJMOD}/packages3D/R_0603_1608Metric.wrl
07-12 09:42:20 com_github_MitjaNemec_Archive3DModels.archive_3d_models 45:Getting 3D models for footprint of: REF**
07-12 09:42:20 com_github_MitjaNemec_Archive3DModels.archive_3d_models 45:Getting 3D models for footprint of: C3
07-12 09:42:20 com_github_MitjaNemec_Archive3DModels.archive_3d_models 56:Trying to copy: ${KIPRJMOD}/packages3D/C_0603_1608Metric.wrl
07-12 09:42:20 com_github_MitjaNemec_Archive3DModels.archive_3d_models 136:Remapping: ${KIPRJMOD}/packages3D/C_0603_1608Metric.wrl
07-12 09:42:20 com_github_MitjaNemec_Archive3DModels.archive_3d_models 45:Getting 3D models for footprint of: D9
07-12 09:42:20 com_github_MitjaNemec_Archive3DModels.archive_3d_models 56:Trying to copy: ${KIPRJMOD}/packages3D/LED_0603_1608Metric.wrl
07-12 09:42:20 com_github_MitjaNemec_Archive3DModels.archive_3d_models 136:Remapping: ${KIPRJMOD}/packages3D/LED_0603_1608Metric.wrl
07-12 09:42:20 com_github_MitjaNemec_Archive3DModels.archive_3d_models 45:Getting 3D models for footprint of: C11
07-12 09:42:20 com_github_MitjaNemec_Archive3DModels.archive_3d_models 56:Trying to copy: ${KIPRJMOD}/packages3D/C_0603_1608Metric.wrl
07-12 09:42:20 com_github_MitjaNemec_Archive3DModels.archive_3d_models 136:Remapping: ${KIPRJMOD}/packages3D/C_0603_1608Metric.wrl
07-12 09:42:20 com_github_MitjaNemec_Archive3DModels.archive_3d_models 45:Getting 3D models for footprint of: L2
07-12 09:42:20 com_github_MitjaNemec_Archive3DModels.archive_3d_models 56:Trying to copy: ${KIPRJMOD}/packages3D/L_1008_2520Metric.wrl
07-12 09:42:20 com_github_MitjaNemec_Archive3DModels.archive_3d_models 136:Remapping: ${KIPRJMOD}/packages3D/L_1008_2520Metric.wrl
07-12 09:42:20 com_github_MitjaNemec_Archive3DModels.archive_3d_models 45:Getting 3D models for footprint of: C1
07-12 09:42:20 com_github_MitjaNemec_Archive3DModels.archive_3d_models 56:Trying to copy: ${KIPRJMOD}/packages3D/C_0603_1608Metric.wrl
07-12 09:42:20 com_github_MitjaNemec_Archive3DModels.archive_3d_models 136:Remapping: ${KIPRJMOD}/packages3D/C_0603_1608Metric.wrl
07-12 09:42:20 com_github_MitjaNemec_Archive3DModels.archive_3d_models 45:Getting 3D models for footprint of: C13
07-12 09:42:20 com_github_MitjaNemec_Archive3DModels.archive_3d_models 56:Trying to copy: ${KIPRJMOD}/packages3D/C_0603_1608Metric.wrl
07-12 09:42:20 com_github_MitjaNemec_Archive3DModels.archive_3d_models 136:Remapping: ${KIPRJMOD}/packages3D/C_0603_1608Metric.wrl
07-12 09:42:20 com_github_MitjaNemec_Archive3DModels.archive_3d_models 45:Getting 3D models for footprint of: R19
07-12 09:42:20 com_github_MitjaNemec_Archive3DModels.archive_3d_models 56:Trying to copy: ${KIPRJMOD}/packages3D/R_0603_1608Metric.wrl
07-12 09:42:20 com_github_MitjaNemec_Archive3DModels.archive_3d_models 136:Remapping: ${KIPRJMOD}/packages3D/R_0603_1608Metric.wrl
07-12 09:42:20 com_github_MitjaNemec_Archive3DModels.archive_3d_models 45:Getting 3D models for footprint of: R32
07-12 09:42:20 com_github_MitjaNemec_Archive3DModels.archive_3d_models 56:Trying to copy: ${KIPRJMOD}/packages3D/R_0603_1608Metric.wrl
07-12 09:42:20 com_github_MitjaNemec_Archive3DModels.archive_3d_models 136:Remapping: ${KIPRJMOD}/packages3D/R_0603_1608Metric.wrl
07-12 09:42:20 com_github_MitjaNemec_Archive3DModels.archive_3d_models 45:Getting 3D models for footprint of: C19
07-12 09:42:20 com_github_MitjaNemec_Archive3DModels.archive_3d_models 56:Trying to copy: ${KIPRJMOD}/packages3D/C_0603_1608Metric.wrl
07-12 09:42:20 com_github_MitjaNemec_Archive3DModels.archive_3d_models 136:Remapping: ${KIPRJMOD}/packages3D/C_0603_1608Metric.wrl
07-12 09:42:20 com_github_MitjaNemec_Archive3DModels.archive_3d_models 45:Getting 3D models for footprint of: R9
07-12 09:42:20 com_github_MitjaNemec_Archive3DModels.archive_3d_models 56:Trying to copy: ${KIPRJMOD}/packages3D/R_0603_1608Metric.wrl
07-12 09:42:20 com_github_MitjaNemec_Archive3DModels.archive_3d_models 136:Remapping: ${KIPRJMOD}/packages3D/R_0603_1608Metric.wrl
07-12 09:42:20 com_github_MitjaNemec_Archive3DModels.archive_3d_models 45:Getting 3D models for footprint of: R30
07-12 09:42:20 com_github_MitjaNemec_Archive3DModels.archive_3d_models 56:Trying to copy: ${KIPRJMOD}/packages3D/R_LDR_5.1x4.3mm_P3.4mm_Vertical.wrl
07-12 09:42:20 com_github_MitjaNemec_Archive3DModels.archive_3d_models 136:Remapping: ${KIPRJMOD}/packages3D/R_LDR_5.1x4.3mm_P3.4mm_Vertical.wrl
07-12 09:42:20 com_github_MitjaNemec_Archive3DModels.archive_3d_models 45:Getting 3D models for footprint of: D13
07-12 09:42:20 com_github_MitjaNemec_Archive3DModels.archive_3d_models 56:Trying to copy: ${KIPRJMOD}/packages3D/WS2812-2020.STEP
07-12 09:42:20 com_github_MitjaNemec_Archive3DModels.archive_3d_models 136:Remapping: ${KIPRJMOD}/packages3D/WS2812-2020.STEP
07-12 09:42:20 com_github_MitjaNemec_Archive3DModels.archive_3d_models 45:Getting 3D models for footprint of: C2
07-12 09:42:20 com_github_MitjaNemec_Archive3DModels.archive_3d_models 56:Trying to copy: ${KIPRJMOD}/packages3D/C_0603_1608Metric.wrl
07-12 09:42:20 com_github_MitjaNemec_Archive3DModels.archive_3d_models 136:Remapping: ${KIPRJMOD}/packages3D/C_0603_1608Metric.wrl
07-12 09:42:20 com_github_MitjaNemec_Archive3DModels.archive_3d_models 45:Getting 3D models for footprint of: R5
07-12 09:42:20 com_github_MitjaNemec_Archive3DModels.archive_3d_models 56:Trying to copy: ${KIPRJMOD}/packages3D/R_0603_1608Metric.wrl
07-12 09:42:20 com_github_MitjaNemec_Archive3DModels.archive_3d_models 136:Remapping: ${KIPRJMOD}/packages3D/R_0603_1608Metric.wrl
07-12 09:42:20 com_github_MitjaNemec_Archive3DModels.archive_3d_models 45:Getting 3D models for footprint of: D1
07-12 09:42:20 com_github_MitjaNemec_Archive3DModels.archive_3d_models 56:Trying to copy: ${KIPRJMOD}/packages3D/D_SOD-923.wrl
07-12 09:42:20 com_github_MitjaNemec_Archive3DModels.archive_3d_models 136:Remapping: ${KIPRJMOD}/packages3D/D_SOD-923.wrl
07-12 09:42:20 com_github_MitjaNemec_Archive3DModels.archive_3d_models 45:Getting 3D models for footprint of: U3
07-12 09:42:20 com_github_MitjaNemec_Archive3DModels.archive_3d_models 56:Trying to copy: ${KIPRJMOD}/packages3D/SOT-23-5.wrl
07-12 09:42:20 com_github_MitjaNemec_Archive3DModels.archive_3d_models 136:Remapping: ${KIPRJMOD}/packages3D/SOT-23-5.wrl
07-12 09:42:20 com_github_MitjaNemec_Archive3DModels.archive_3d_models 45:Getting 3D models for footprint of: R16
07-12 09:42:20 com_github_MitjaNemec_Archive3DModels.archive_3d_models 56:Trying to copy: ${KIPRJMOD}/packages3D/R_0603_1608Metric.wrl
07-12 09:42:20 com_github_MitjaNemec_Archive3DModels.archive_3d_models 136:Remapping: ${KIPRJMOD}/packages3D/R_0603_1608Metric.wrl
07-12 09:42:20 com_github_MitjaNemec_Archive3DModels.archive_3d_models 45:Getting 3D models for footprint of: U5
07-12 09:42:20 com_github_MitjaNemec_Archive3DModels.archive_3d_models 56:Trying to copy: ${KIPRJMOD}/packages3D/SOIC-8_3.9x4.9mm_P1.27mm.wrl
07-12 09:42:20 com_github_MitjaNemec_Archive3DModels.archive_3d_models 136:Remapping: ${KIPRJMOD}/packages3D/SOIC-8_3.9x4.9mm_P1.27mm.wrl
07-12 09:42:20 com_github_MitjaNemec_Archive3DModels.archive_3d_models 45:Getting 3D models for footprint of: TP3
07-12 09:42:20 com_github_MitjaNemec_Archive3DModels.archive_3d_models 45:Getting 3D models for footprint of: R27
07-12 09:42:20 com_github_MitjaNemec_Archive3DModels.archive_3d_models 56:Trying to copy: ${KIPRJMOD}/packages3D/R_0603_1608Metric.wrl
07-12 09:42:20 com_github_MitjaNemec_Archive3DModels.archive_3d_models 136:Remapping: ${KIPRJMOD}/packages3D/R_0603_1608Metric.wrl
07-12 09:42:20 com_github_MitjaNemec_Archive3DModels.archive_3d_models 45:Getting 3D models for footprint of: REF**
07-12 09:42:20 com_github_MitjaNemec_Archive3DModels.archive_3d_models 45:Getting 3D models for footprint of: SW3
07-12 09:42:20 com_github_MitjaNemec_Archive3DModels.archive_3d_models 56:Trying to copy: ${KIPRJMOD}/packages3D/Panasonic_EVQPUJ_EVQPUA.step
07-12 09:42:20 com_github_MitjaNemec_Archive3DModels.archive_3d_models 136:Remapping: ${KIPRJMOD}/packages3D/Panasonic_EVQPUJ_EVQPUA.step
07-12 09:42:20 com_github_MitjaNemec_Archive3DModels.archive_3d_models 45:Getting 3D models for footprint of: H1
07-12 09:42:20 com_github_MitjaNemec_Archive3DModels.archive_3d_models 45:Getting 3D models for footprint of: R35
07-12 09:42:20 com_github_MitjaNemec_Archive3DModels.archive_3d_models 56:Trying to copy: ${KIPRJMOD}/packages3D/R_0603_1608Metric.wrl
07-12 09:42:20 com_github_MitjaNemec_Archive3DModels.archive_3d_models 136:Remapping: ${KIPRJMOD}/packages3D/R_0603_1608Metric.wrl
07-12 09:42:20 com_github_MitjaNemec_Archive3DModels.archive_3d_models 45:Getting 3D models for footprint of: R7
07-12 09:42:20 com_github_MitjaNemec_Archive3DModels.archive_3d_models 56:Trying to copy: ${KIPRJMOD}/packages3D/R_0603_1608Metric.wrl
07-12 09:42:20 com_github_MitjaNemec_Archive3DModels.archive_3d_models 136:Remapping: ${KIPRJMOD}/packages3D/R_0603_1608Metric.wrl
07-12 09:42:20 com_github_MitjaNemec_Archive3DModels.archive_3d_models 45:Getting 3D models for footprint of: C17
07-12 09:42:20 com_github_MitjaNemec_Archive3DModels.archive_3d_models 56:Trying to copy: ${KIPRJMOD}/packages3D/C_0603_1608Metric.wrl
07-12 09:42:20 com_github_MitjaNemec_Archive3DModels.archive_3d_models 136:Remapping: ${KIPRJMOD}/packages3D/C_0603_1608Metric.wrl
07-12 09:42:20 com_github_MitjaNemec_Archive3DModels.archive_3d_models 45:Getting 3D models for footprint of: TP5
07-12 09:42:20 com_github_MitjaNemec_Archive3DModels.archive_3d_models 45:Getting 3D models for footprint of: R40
07-12 09:42:20 com_github_MitjaNemec_Archive3DModels.archive_3d_models 56:Trying to copy: ${KIPRJMOD}/packages3D/R_0603_1608Metric.wrl
07-12 09:42:20 com_github_MitjaNemec_Archive3DModels.archive_3d_models 136:Remapping: ${KIPRJMOD}/packages3D/R_0603_1608Metric.wrl
07-12 09:42:20 com_github_MitjaNemec_Archive3DModels.archive_3d_models 45:Getting 3D models for footprint of: D11
07-12 09:42:20 com_github_MitjaNemec_Archive3DModels.archive_3d_models 56:Trying to copy: ${KIPRJMOD}/packages3D/WS2812-2020.STEP
07-12 09:42:20 com_github_MitjaNemec_Archive3DModels.archive_3d_models 136:Remapping: ${KIPRJMOD}/packages3D/WS2812-2020.STEP
07-12 09:42:20 com_github_MitjaNemec_Archive3DModels.archive_3d_models 45:Getting 3D models for footprint of: H3
07-12 09:42:20 com_github_MitjaNemec_Archive3DModels.archive_3d_models 45:Getting 3D models for footprint of: C8
07-12 09:42:20 com_github_MitjaNemec_Archive3DModels.archive_3d_models 56:Trying to copy: ${KIPRJMOD}/packages3D/C_0603_1608Metric.wrl
07-12 09:42:20 com_github_MitjaNemec_Archive3DModels.archive_3d_models 136:Remapping: ${KIPRJMOD}/packages3D/C_0603_1608Metric.wrl
07-12 09:42:20 com_github_MitjaNemec_Archive3DModels.archive_3d_models 45:Getting 3D models for footprint of: F1
07-12 09:42:20 com_github_MitjaNemec_Archive3DModels.archive_3d_models 56:Trying to copy: ${KIPRJMOD}/packages3D/Fuse_0805_2012Metric.wrl
07-12 09:42:20 com_github_MitjaNemec_Archive3DModels.archive_3d_models 136:Remapping: ${KIPRJMOD}/packages3D/Fuse_0805_2012Metric.wrl
07-12 09:42:20 com_github_MitjaNemec_Archive3DModels.archive_3d_models 45:Getting 3D models for footprint of: C16
07-12 09:42:20 com_github_MitjaNemec_Archive3DModels.archive_3d_models 56:Trying to copy: ${KIPRJMOD}/packages3D/C_0603_1608Metric.wrl
07-12 09:42:20 com_github_MitjaNemec_Archive3DModels.archive_3d_models 136:Remapping: ${KIPRJMOD}/packages3D/C_0603_1608Metric.wrl
07-12 09:42:20 com_github_MitjaNemec_Archive3DModels.archive_3d_models 45:Getting 3D models for footprint of: R23
07-12 09:42:20 com_github_MitjaNemec_Archive3DModels.archive_3d_models 56:Trying to copy: ${KIPRJMOD}/packages3D/R_0603_1608Metric.wrl
07-12 09:42:20 com_github_MitjaNemec_Archive3DModels.archive_3d_models 136:Remapping: ${KIPRJMOD}/packages3D/R_0603_1608Metric.wrl
07-12 09:42:20 com_github_MitjaNemec_Archive3DModels.archive_3d_models 45:Getting 3D models for footprint of: TP4
07-12 09:42:20 com_github_MitjaNemec_Archive3DModels.archive_3d_models 45:Getting 3D models for footprint of: C28
07-12 09:42:20 com_github_MitjaNemec_Archive3DModels.archive_3d_models 56:Trying to copy: ${KIPRJMOD}/packages3D/C_0603_1608Metric.wrl
07-12 09:42:20 com_github_MitjaNemec_Archive3DModels.archive_3d_models 136:Remapping: ${KIPRJMOD}/packages3D/C_0603_1608Metric.wrl
07-12 09:42:20 com_github_MitjaNemec_Archive3DModels.archive_3d_models 45:Getting 3D models for footprint of: SW1
07-12 09:42:20 com_github_MitjaNemec_Archive3DModels.archive_3d_models 56:Trying to copy: ${KIPRJMOD}/packages3D/SW_SPDT_PCM12.wrl
07-12 09:42:20 com_github_MitjaNemec_Archive3DModels.archive_3d_models 136:Remapping: ${KIPRJMOD}/packages3D/SW_SPDT_PCM12.wrl
07-12 09:42:20 com_github_MitjaNemec_Archive3DModels.archive_3d_models 45:Getting 3D models for footprint of: SW2
07-12 09:42:20 com_github_MitjaNemec_Archive3DModels.archive_3d_models 56:Trying to copy: ${KIPRJMOD}/packages3D/Panasonic_EVQPUJ_EVQPUA.step
07-12 09:42:20 com_github_MitjaNemec_Archive3DModels.archive_3d_models 136:Remapping: ${KIPRJMOD}/packages3D/Panasonic_EVQPUJ_EVQPUA.step
07-12 09:42:20 com_github_MitjaNemec_Archive3DModels.archive_3d_models 45:Getting 3D models for footprint of: Q3
07-12 09:42:20 com_github_MitjaNemec_Archive3DModels.archive_3d_models 56:Trying to copy: ${KIPRJMOD}/packages3D/SOT-23.wrl
07-12 09:42:20 com_github_MitjaNemec_Archive3DModels.archive_3d_models 136:Remapping: ${KIPRJMOD}/packages3D/SOT-23.wrl
07-12 09:42:20 com_github_MitjaNemec_Archive3DModels.archive_3d_models 45:Getting 3D models for footprint of: C14
07-12 09:42:20 com_github_MitjaNemec_Archive3DModels.archive_3d_models 56:Trying to copy: ${KIPRJMOD}/packages3D/C_0603_1608Metric.wrl
07-12 09:42:20 com_github_MitjaNemec_Archive3DModels.archive_3d_models 136:Remapping: ${KIPRJMOD}/packages3D/C_0603_1608Metric.wrl
07-12 09:42:20 com_github_MitjaNemec_Archive3DModels.archive_3d_models 45:Getting 3D models for footprint of: R12
07-12 09:42:20 com_github_MitjaNemec_Archive3DModels.archive_3d_models 56:Trying to copy: ${KIPRJMOD}/packages3D/R_0603_1608Metric.wrl
07-12 09:42:20 com_github_MitjaNemec_Archive3DModels.archive_3d_models 136:Remapping: ${KIPRJMOD}/packages3D/R_0603_1608Metric.wrl
07-12 09:42:20 com_github_MitjaNemec_Archive3DModels.archive_3d_models 45:Getting 3D models for footprint of: U8
07-12 09:42:20 com_github_MitjaNemec_Archive3DModels.archive_3d_models 56:Trying to copy: ${KIPRJMOD}/packages3D/Sensirion_DFN-8-1EP_2.5x2.5mm_P0.5mm_EP1.1x1.7mm.wrl
07-12 09:42:20 com_github_MitjaNemec_Archive3DModels.archive_3d_models 132:Did not copy: ${KIPRJMOD}/packages3D/Sensirion_DFN-8-1EP_2.5x2.5mm_P0.5mm_EP1.1x1.7mm.wrl
07-12 09:42:20 com_github_MitjaNemec_Archive3DModels.archive_3d_models 136:Remapping: ${KIPRJMOD}/packages3D/Sensirion_DFN-8-1EP_2.5x2.5mm_P0.5mm_EP1.1x1.7mm.wrl
07-12 09:42:20 com_github_MitjaNemec_Archive3DModels.archive_3d_models 45:Getting 3D models for footprint of: R38
07-12 09:42:20 com_github_MitjaNemec_Archive3DModels.archive_3d_models 56:Trying to copy: ${KIPRJMOD}/packages3D/R_0603_1608Metric.wrl
07-12 09:42:20 com_github_MitjaNemec_Archive3DModels.archive_3d_models 136:Remapping: ${KIPRJMOD}/packages3D/R_0603_1608Metric.wrl
07-12 09:42:20 com_github_MitjaNemec_Archive3DModels.archive_3d_models 45:Getting 3D models for footprint of: R33
07-12 09:42:20 com_github_MitjaNemec_Archive3DModels.archive_3d_models 56:Trying to copy: ${KIPRJMOD}/packages3D/R_0603_1608Metric.wrl
07-12 09:42:20 com_github_MitjaNemec_Archive3DModels.archive_3d_models 136:Remapping: ${KIPRJMOD}/packages3D/R_0603_1608Metric.wrl
07-12 09:42:20 com_github_MitjaNemec_Archive3DModels.archive_3d_models 45:Getting 3D models for footprint of: R42
07-12 09:42:20 com_github_MitjaNemec_Archive3DModels.archive_3d_models 56:Trying to copy: ${KIPRJMOD}/packages3D/R_0603_1608Metric.wrl
07-12 09:42:20 com_github_MitjaNemec_Archive3DModels.archive_3d_models 136:Remapping: ${KIPRJMOD}/packages3D/R_0603_1608Metric.wrl
07-12 09:42:20 com_github_MitjaNemec_Archive3DModels.archive_3d_models 45:Getting 3D models for footprint of: R34
07-12 09:42:20 com_github_MitjaNemec_Archive3DModels.archive_3d_models 56:Trying to copy: ${KIPRJMOD}/packages3D/R_0603_1608Metric.wrl
07-12 09:42:20 com_github_MitjaNemec_Archive3DModels.archive_3d_models 136:Remapping: ${KIPRJMOD}/packages3D/R_0603_1608Metric.wrl
07-12 09:42:20 com_github_MitjaNemec_Archive3DModels.archive_3d_models 45:Getting 3D models for footprint of: D12
07-12 09:42:20 com_github_MitjaNemec_Archive3DModels.archive_3d_models 56:Trying to copy: ${KIPRJMOD}/packages3D/WS2812-2020.STEP
07-12 09:42:20 com_github_MitjaNemec_Archive3DModels.archive_3d_models 136:Remapping: ${KIPRJMOD}/packages3D/WS2812-2020.STEP
07-12 09:42:20 com_github_MitjaNemec_Archive3DModels.archive_3d_models 45:Getting 3D models for footprint of: R39
07-12 09:42:20 com_github_MitjaNemec_Archive3DModels.archive_3d_models 56:Trying to copy: ${KIPRJMOD}/packages3D/R_0603_1608Metric.wrl
07-12 09:42:20 com_github_MitjaNemec_Archive3DModels.archive_3d_models 136:Remapping: ${KIPRJMOD}/packages3D/R_0603_1608Metric.wrl
07-12 09:42:20 com_github_MitjaNemec_Archive3DModels.archive_3d_models 45:Getting 3D models for footprint of: C29
07-12 09:42:20 com_github_MitjaNemec_Archive3DModels.archive_3d_models 56:Trying to copy: ${KIPRJMOD}/packages3D/C_0603_1608Metric.wrl
07-12 09:42:20 com_github_MitjaNemec_Archive3DModels.archive_3d_models 136:Remapping: ${KIPRJMOD}/packages3D/C_0603_1608Metric.wrl
07-12 09:42:20 com_github_MitjaNemec_Archive3DModels.archive_3d_models 45:Getting 3D models for footprint of: C27
07-12 09:42:20 com_github_MitjaNemec_Archive3DModels.archive_3d_models 56:Trying to copy: ${KIPRJMOD}/packages3D/C_0603_1608Metric.wrl
07-12 09:42:20 com_github_MitjaNemec_Archive3DModels.archive_3d_models 136:Remapping: ${KIPRJMOD}/packages3D/C_0603_1608Metric.wrl
07-12 09:42:20 com_github_MitjaNemec_Archive3DModels.archive_3d_models 45:Getting 3D models for footprint of: LS1
07-12 09:42:20 com_github_MitjaNemec_Archive3DModels.archive_3d_models 56:Trying to copy: ${KIPRJMOD}/packages3D/BUZ-SMD_4P-L8.5-W8.5-P8.50-TL.wrl
07-12 09:42:20 com_github_MitjaNemec_Archive3DModels.archive_3d_models 136:Remapping: ${KIPRJMOD}/packages3D/BUZ-SMD_4P-L8.5-W8.5-P8.50-TL.wrl
07-12 09:42:20 com_github_MitjaNemec_Archive3DModels.archive_3d_models 45:Getting 3D models for footprint of: BT1
07-12 09:42:20 com_github_MitjaNemec_Archive3DModels.archive_3d_models 56:Trying to copy: ${KIPRJMOD}/packages3D/CONN-SMD_ZH1.5-2P-WT.wrl
07-12 09:42:20 com_github_MitjaNemec_Archive3DModels.archive_3d_models 132:Did not copy: ${KIPRJMOD}/packages3D/CONN-SMD_ZH1.5-2P-WT.wrl
07-12 09:42:20 com_github_MitjaNemec_Archive3DModels.archive_3d_models 136:Remapping: ${KIPRJMOD}/packages3D/CONN-SMD_ZH1.5-2P-WT.wrl
07-12 09:42:20 com_github_MitjaNemec_Archive3DModels.archive_3d_models 45:Getting 3D models for footprint of: BT2
07-12 09:42:20 com_github_MitjaNemec_Archive3DModels.archive_3d_models 56:Trying to copy: ${KIPRJMOD}/packages3D/CR1220.STEP
07-12 09:42:20 com_github_MitjaNemec_Archive3DModels.archive_3d_models 136:Remapping: ${KIPRJMOD}/packages3D/CR1220.STEP
07-12 09:42:20 com_github_MitjaNemec_Archive3DModels.archive_3d_models 147:Did not succeed to copy 3D models!
('Y1', '${KIPRJMOD}\\packages3D\\Crystal_SMD_3215-2Pin_3.2x1.5mm.wrl')
('U8', '${KIPRJMOD}\\packages3D\\Sensirion_DFN-8-1EP_2.5x2.5mm_P0.5mm_EP1.1x1.7mm.wrl')
('BT1', '${KIPRJMOD}\\packages3D\\CONN-SMD_ZH1.5-2P-WT.wrl')
